0 info it worked if it ends with ok
1 verbose cli [ '/usr/bin/nodejs',
1 verbose cli   '/usr/bin/npm',
1 verbose cli   'run',
1 verbose cli   'lint',
1 verbose cli   'public/api/index.html',
1 verbose cli   'public/api/main.css',
1 verbose cli   'public/api/main.css.map',
1 verbose cli   'public/bootstrap/config.json',
1 verbose cli   'public/bootstrap/css',
1 verbose cli   'public/bootstrap/fonts',
1 verbose cli   'public/bootstrap/js',
1 verbose cli   'public/components/button',
1 verbose cli   'public/css/login.css',
1 verbose cli   'public/css/main.css',
1 verbose cli   'public/css/milligram.min.css',
1 verbose cli   'public/image/login_background.jpg',
1 verbose cli   'public/js/airdrone.js',
1 verbose cli   'public/js/libs.js',
1 verbose cli   'public/js/models',
1 verbose cli   'public/js/views' ]
2 info using npm@3.10.3
3 info using node@v6.5.0
4 verbose run-script [ 'prelint', 'lint', 'postlint' ]
5 info lifecycle sample@1.0.0~prelint: sample@1.0.0
6 silly lifecycle sample@1.0.0~prelint: no script for prelint, continuing
7 info lifecycle sample@1.0.0~lint: sample@1.0.0
8 verbose lifecycle sample@1.0.0~lint: unsafe-perm in lifecycle true
9 verbose lifecycle sample@1.0.0~lint: PATH: /usr/lib/node_modules/npm/bin/node-gyp-bin:/home/ivan/Documents/2016_2_AirDrone/node_modules/.bin:/usr/bin:/usr/local/heroku/bin:/usr/local/sbin:/usr/local/bin:/usr/sbin:/usr/bin:/sbin:/bin:/usr/games:/usr/local/games:/home/ivan/.vimpkg/bin:/home/ivan/.rvm/bin:/home/ivan/.vimpkg/bin:/home/ivan/.rvm/bin
10 verbose lifecycle sample@1.0.0~lint: CWD: /home/ivan/Documents/2016_2_AirDrone
11 silly lifecycle sample@1.0.0~lint: Args: [ '-c',
11 silly lifecycle   'eslint "public/api/index.html" "public/api/main.css" "public/api/main.css.map" "public/bootstrap/config.json" "public/bootstrap/css" "public/bootstrap/fonts" "public/bootstrap/js" "public/components/button" "public/css/login.css" "public/css/main.css" "public/css/milligram.min.css" "public/image/login_background.jpg" "public/js/airdrone.js" "public/js/libs.js" "public/js/models" "public/js/views"' ]
12 silly lifecycle sample@1.0.0~lint: Returned: code: 1  signal: null
13 info lifecycle sample@1.0.0~lint: Failed to exec lint script
14 verbose stack Error: sample@1.0.0 lint: `eslint "public/api/index.html" "public/api/main.css" "public/api/main.css.map" "public/bootstrap/config.json" "public/bootstrap/css" "public/bootstrap/fonts" "public/bootstrap/js" "public/components/button" "public/css/login.css" "public/css/main.css" "public/css/milligram.min.css" "public/image/login_background.jpg" "public/js/airdrone.js" "public/js/libs.js" "public/js/models" "public/js/views"`
14 verbose stack Exit status 1
14 verbose stack     at EventEmitter.<anonymous> (/usr/lib/node_modules/npm/lib/utils/lifecycle.js:242:16)
14 verbose stack     at emitTwo (events.js:106:13)
14 verbose stack     at EventEmitter.emit (events.js:191:7)
14 verbose stack     at ChildProcess.<anonymous> (/usr/lib/node_modules/npm/lib/utils/spawn.js:40:14)
14 verbose stack     at emitTwo (events.js:106:13)
14 verbose stack     at ChildProcess.emit (events.js:191:7)
14 verbose stack     at maybeClose (internal/child_process.js:877:16)
14 verbose stack     at Process.ChildProcess._handle.onexit (internal/child_process.js:226:5)
15 verbose pkgid sample@1.0.0
16 verbose cwd /home/ivan/Documents/2016_2_AirDrone
17 error Linux 3.16.0-38-generic
18 error argv "/usr/bin/nodejs" "/usr/bin/npm" "run" "lint" "public/api/index.html" "public/api/main.css" "public/api/main.css.map" "public/bootstrap/config.json" "public/bootstrap/css" "public/bootstrap/fonts" "public/bootstrap/js" "public/components/button" "public/css/login.css" "public/css/main.css" "public/css/milligram.min.css" "public/image/login_background.jpg" "public/js/airdrone.js" "public/js/libs.js" "public/js/models" "public/js/views"
19 error node v6.5.0
20 error npm  v3.10.3
21 error code ELIFECYCLE
22 error sample@1.0.0 lint: `eslint "public/api/index.html" "public/api/main.css" "public/api/main.css.map" "public/bootstrap/config.json" "public/bootstrap/css" "public/bootstrap/fonts" "public/bootstrap/js" "public/components/button" "public/css/login.css" "public/css/main.css" "public/css/milligram.min.css" "public/image/login_background.jpg" "public/js/airdrone.js" "public/js/libs.js" "public/js/models" "public/js/views"`
22 error Exit status 1
23 error Failed at the sample@1.0.0 lint script 'eslint "public/api/index.html" "public/api/main.css" "public/api/main.css.map" "public/bootstrap/config.json" "public/bootstrap/css" "public/bootstrap/fonts" "public/bootstrap/js" "public/components/button" "public/css/login.css" "public/css/main.css" "public/css/milligram.min.css" "public/image/login_background.jpg" "public/js/airdrone.js" "public/js/libs.js" "public/js/models" "public/js/views"'.
23 error Make sure you have the latest version of node.js and npm installed.
23 error If you do, this is most likely a problem with the sample package,
23 error not with npm itself.
23 error Tell the author that this fails on your system:
23 error     eslint "public/api/index.html" "public/api/main.css" "public/api/main.css.map" "public/bootstrap/config.json" "public/bootstrap/css" "public/bootstrap/fonts" "public/bootstrap/js" "public/components/button" "public/css/login.css" "public/css/main.css" "public/css/milligram.min.css" "public/image/login_background.jpg" "public/js/airdrone.js" "public/js/libs.js" "public/js/models" "public/js/views"
23 error You can get information on how to open an issue for this project with:
23 error     npm bugs sample
23 error Or if that isn't available, you can get their info via:
23 error     npm owner ls sample
23 error There is likely additional logging output above.
24 verbose exit [ 1, true ]
